<?xml version="1.0" encoding="UTF-8"?>
<coverage generated="1587409971180" clover="3.2.0">
  <project timestamp="1587409971180" name="All files">
    <metrics statements="49" coveredstatements="41" conditionals="26" coveredconditionals="20" methods="21" coveredmethods="13" elements="96" coveredelements="74" complexity="0" loc="49" ncloc="49" packages="2" files="4" classes="4"/>
    <package name="components">
      <metrics statements="33" coveredstatements="25" conditionals="16" coveredconditionals="10" methods="19" coveredmethods="11"/>
      <file name="Computer.jsx" path="/Users/lighthousestaff/lighthouse/cohort-lectures/mar02-w08d01/integration-testing/src/components/Computer.jsx">
        <metrics statements="5" coveredstatements="5" conditionals="10" coveredconditionals="7" methods="3" coveredmethods="3"/>
        <line num="3" count="2" type="stmt"/>
        <line num="4" count="4" type="stmt"/>
        <line num="6" count="4" type="stmt"/>
        <line num="7" count="2" type="stmt"/>
        <line num="10" count="4" type="stmt"/>
      </file>
      <file name="Player.jsx" path="/Users/lighthousestaff/lighthouse/cohort-lectures/mar02-w08d01/integration-testing/src/components/Player.jsx">
        <metrics statements="20" coveredstatements="13" conditionals="6" coveredconditionals="3" methods="11" coveredmethods="4"/>
        <line num="4" count="2" type="stmt"/>
        <line num="5" count="4" type="stmt"/>
        <line num="6" count="4" type="stmt"/>
        <line num="7" count="4" type="stmt"/>
        <line num="13" count="4" type="stmt"/>
        <line num="14" count="2" type="cond" truecount="2" falsecount="2"/>
        <line num="15" count="0" type="stmt"/>
        <line num="16" count="0" type="stmt"/>
        <line num="20" count="4" type="stmt"/>
        <line num="21" count="4" type="cond" truecount="1" falsecount="1"/>
        <line num="23" count="0" type="stmt"/>
        <line num="24" count="0" type="stmt"/>
        <line num="28" count="4" type="stmt"/>
        <line num="29" count="0" type="stmt"/>
        <line num="38" count="4" type="stmt"/>
        <line num="39" count="0" type="stmt"/>
        <line num="42" count="4" type="stmt"/>
        <line num="54" count="12" type="stmt"/>
        <line num="55" count="12" type="stmt"/>
        <line num="57" count="0" type="stmt"/>
      </file>
      <file name="Result.jsx" path="/Users/lighthousestaff/lighthouse/cohort-lectures/mar02-w08d01/integration-testing/src/components/Result.jsx">
        <metrics statements="8" coveredstatements="7" conditionals="0" coveredconditionals="0" methods="5" coveredmethods="4"/>
        <line num="4" count="3" type="stmt"/>
        <line num="5" count="7" type="stmt"/>
        <line num="7" count="7" type="stmt"/>
        <line num="8" count="1" type="stmt"/>
        <line num="10" count="1" type="stmt"/>
        <line num="11" count="0" type="stmt"/>
        <line num="14" count="7" type="stmt"/>
        <line num="18" count="3" type="stmt"/>
      </file>
    </package>
    <package name="helpers">
      <metrics statements="16" coveredstatements="16" conditionals="10" coveredconditionals="10" methods="2" coveredmethods="2"/>
      <file name="helpers.js" path="/Users/lighthousestaff/lighthouse/cohort-lectures/mar02-w08d01/integration-testing/src/helpers/helpers.js">
        <metrics statements="16" coveredstatements="16" conditionals="10" coveredconditionals="10" methods="2" coveredmethods="2"/>
        <line num="1" count="3" type="stmt"/>
        <line num="2" count="4" type="stmt"/>
        <line num="7" count="4" type="cond" truecount="4" falsecount="0"/>
        <line num="8" count="1" type="stmt"/>
        <line num="10" count="3" type="cond" truecount="2" falsecount="0"/>
        <line num="11" count="1" type="stmt"/>
        <line num="13" count="2" type="cond" truecount="2" falsecount="0"/>
        <line num="14" count="1" type="stmt"/>
        <line num="16" count="1" type="stmt"/>
        <line num="19" count="3" type="stmt"/>
        <line num="20" count="4" type="stmt"/>
        <line num="25" count="4" type="cond" truecount="2" falsecount="0"/>
        <line num="26" count="3" type="stmt"/>
        <line num="28" count="1" type="stmt"/>
        <line num="29" count="1" type="stmt"/>
        <line num="30" count="1" type="stmt"/>
      </file>
    </package>
  </project>
</coverage>
