{"/Users/lighthousestaff/lighthouse/cohort-lectures/mar02-w08d01/integration-testing/src/components/Computer.jsx": {"path":"/Users/lighthousestaff/lighthouse/cohort-lectures/mar02-w08d01/integration-testing/src/components/Computer.jsx","statementMap":{"0":{"start":{"line":3,"column":17},"end":{"line":43,"column":1}},"1":{"start":{"line":4,"column":28},"end":{"line":4,"column":33}},"2":{"start":{"line":6,"column":23},"end":{"line":8,"column":3}},"3":{"start":{"line":7,"column":4},"end":{"line":7,"column":75}},"4":{"start":{"line":7,"column":27},"end":{"line":7,"column":72}},"5":{"start":{"line":10,"column":2},"end":{"line":42,"column":3}}},"fnMap":{"0":{"name":"(anonymous_0)","decl":{"start":{"line":3,"column":17},"end":{"line":3,"column":18}},"loc":{"start":{"line":3,"column":28},"end":{"line":43,"column":1}},"line":3},"1":{"name":"(anonymous_1)","decl":{"start":{"line":6,"column":23},"end":{"line":6,"column":24}},"loc":{"start":{"line":6,"column":29},"end":{"line":8,"column":3}},"line":6},"2":{"name":"(anonymous_2)","decl":{"start":{"line":7,"column":13},"end":{"line":7,"column":14}},"loc":{"start":{"line":7,"column":27},"end":{"line":7,"column":72}},"line":7}},"branchMap":{"0":{"loc":{"start":{"line":16,"column":20},"end":{"line":16,"column":52}},"type":"cond-expr","locations":[{"start":{"line":16,"column":37},"end":{"line":16,"column":47}},{"start":{"line":16,"column":50},"end":{"line":16,"column":52}}],"line":16},"1":{"loc":{"start":{"line":22,"column":13},"end":{"line":22,"column":67}},"type":"cond-expr","locations":[{"start":{"line":22,"column":30},"end":{"line":22,"column":46}},{"start":{"line":22,"column":49},"end":{"line":22,"column":67}}],"line":22},"2":{"loc":{"start":{"line":26,"column":15},"end":{"line":26,"column":60}},"type":"cond-expr","locations":[{"start":{"line":26,"column":48},"end":{"line":26,"column":52}},{"start":{"line":26,"column":55},"end":{"line":26,"column":60}}],"line":26},"3":{"loc":{"start":{"line":31,"column":15},"end":{"line":31,"column":59}},"type":"cond-expr","locations":[{"start":{"line":31,"column":47},"end":{"line":31,"column":51}},{"start":{"line":31,"column":54},"end":{"line":31,"column":59}}],"line":31},"4":{"loc":{"start":{"line":36,"column":15},"end":{"line":36,"column":60}},"type":"cond-expr","locations":[{"start":{"line":36,"column":48},"end":{"line":36,"column":52}},{"start":{"line":36,"column":55},"end":{"line":36,"column":60}}],"line":36}},"s":{"0":2,"1":4,"2":4,"3":2,"4":2,"5":4},"f":{"0":4,"1":2,"2":2},"b":{"0":[1,3],"1":[1,3],"2":[0,4],"3":[0,4],"4":[0,4]},"_coverageSchema":"43e27e138ebf9cfc5966b082cf9a028302ed4184","hash":"831a55a9b3d6fe11966daafc93a8007bbcd33b97"}
,"/Users/lighthousestaff/lighthouse/cohort-lectures/mar02-w08d01/integration-testing/src/components/Player.jsx": {"path":"/Users/lighthousestaff/lighthouse/cohort-lectures/mar02-w08d01/integration-testing/src/components/Player.jsx","statementMap":{"0":{"start":{"line":4,"column":15},"end":{"line":76,"column":1}},"1":{"start":{"line":5,"column":53},"end":{"line":5,"column":64}},"2":{"start":{"line":6,"column":21},"end":{"line":6,"column":26}},"3":{"start":{"line":7,"column":18},"end":{"line":11,"column":3}},"4":{"start":{"line":13,"column":2},"end":{"line":18,"column":49}},"5":{"start":{"line":14,"column":4},"end":{"line":17,"column":5}},"6":{"start":{"line":15,"column":21},"end":{"line":15,"column":67}},"7":{"start":{"line":16,"column":6},"end":{"line":16,"column":56}},"8":{"start":{"line":16,"column":29},"end":{"line":16,"column":53}},"9":{"start":{"line":20,"column":2},"end":{"line":26,"column":44}},"10":{"start":{"line":21,"column":4},"end":{"line":25,"column":5}},"11":{"start":{"line":23,"column":28},"end":{"line":23,"column":70}},"12":{"start":{"line":24,"column":6},"end":{"line":24,"column":63}},"13":{"start":{"line":24,"column":29},"end":{"line":24,"column":60}},"14":{"start":{"line":28,"column":21},"end":{"line":36,"column":3}},"15":{"start":{"line":29,"column":4},"end":{"line":35,"column":7}},"16":{"start":{"line":29,"column":27},"end":{"line":34,"column":7}},"17":{"start":{"line":38,"column":29},"end":{"line":40,"column":3}},"18":{"start":{"line":39,"column":4},"end":{"line":39,"column":69}},"19":{"start":{"line":39,"column":26},"end":{"line":39,"column":66}},"20":{"start":{"line":42,"column":2},"end":{"line":75,"column":4}},"21":{"start":{"line":54,"column":37},"end":{"line":54,"column":43}},"22":{"start":{"line":55,"column":12},"end":{"line":69,"column":14}},"23":{"start":{"line":57,"column":31},"end":{"line":57,"column":67}}},"fnMap":{"0":{"name":"(anonymous_0)","decl":{"start":{"line":4,"column":15},"end":{"line":4,"column":16}},"loc":{"start":{"line":4,"column":26},"end":{"line":76,"column":1}},"line":4},"1":{"name":"(anonymous_1)","decl":{"start":{"line":13,"column":12},"end":{"line":13,"column":13}},"loc":{"start":{"line":13,"column":18},"end":{"line":18,"column":3}},"line":13},"2":{"name":"(anonymous_2)","decl":{"start":{"line":16,"column":15},"end":{"line":16,"column":16}},"loc":{"start":{"line":16,"column":29},"end":{"line":16,"column":53}},"line":16},"3":{"name":"(anonymous_3)","decl":{"start":{"line":20,"column":12},"end":{"line":20,"column":13}},"loc":{"start":{"line":20,"column":18},"end":{"line":26,"column":3}},"line":20},"4":{"name":"(anonymous_4)","decl":{"start":{"line":24,"column":15},"end":{"line":24,"column":16}},"loc":{"start":{"line":24,"column":29},"end":{"line":24,"column":60}},"line":24},"5":{"name":"(anonymous_5)","decl":{"start":{"line":28,"column":21},"end":{"line":28,"column":22}},"loc":{"start":{"line":28,"column":27},"end":{"line":36,"column":3}},"line":28},"6":{"name":"(anonymous_6)","decl":{"start":{"line":29,"column":13},"end":{"line":29,"column":14}},"loc":{"start":{"line":29,"column":27},"end":{"line":34,"column":7}},"line":29},"7":{"name":"(anonymous_7)","decl":{"start":{"line":38,"column":29},"end":{"line":38,"column":30}},"loc":{"start":{"line":38,"column":49},"end":{"line":40,"column":3}},"line":38},"8":{"name":"(anonymous_8)","decl":{"start":{"line":39,"column":12},"end":{"line":39,"column":13}},"loc":{"start":{"line":39,"column":26},"end":{"line":39,"column":66}},"line":39},"9":{"name":"(anonymous_9)","decl":{"start":{"line":53,"column":24},"end":{"line":53,"column":25}},"loc":{"start":{"line":53,"column":36},"end":{"line":70,"column":11}},"line":53},"10":{"name":"(anonymous_10)","decl":{"start":{"line":57,"column":25},"end":{"line":57,"column":26}},"loc":{"start":{"line":57,"column":31},"end":{"line":57,"column":67}},"line":57}},"branchMap":{"0":{"loc":{"start":{"line":14,"column":4},"end":{"line":17,"column":5}},"type":"if","locations":[{"start":{"line":14,"column":4},"end":{"line":17,"column":5}},{"start":{"line":14,"column":4},"end":{"line":17,"column":5}}],"line":14},"1":{"loc":{"start":{"line":14,"column":7},"end":{"line":14,"column":39}},"type":"binary-expr","locations":[{"start":{"line":14,"column":7},"end":{"line":14,"column":22}},{"start":{"line":14,"column":26},"end":{"line":14,"column":39}}],"line":14},"2":{"loc":{"start":{"line":21,"column":4},"end":{"line":25,"column":5}},"type":"if","locations":[{"start":{"line":21,"column":4},"end":{"line":25,"column":5}},{"start":{"line":21,"column":4},"end":{"line":25,"column":5}}],"line":21}},"s":{"0":2,"1":4,"2":4,"3":4,"4":4,"5":2,"6":0,"7":0,"8":0,"9":4,"10":4,"11":0,"12":0,"13":0,"14":4,"15":0,"16":0,"17":4,"18":0,"19":0,"20":4,"21":12,"22":12,"23":0},"f":{"0":4,"1":2,"2":0,"3":4,"4":0,"5":0,"6":0,"7":0,"8":0,"9":12,"10":0},"b":{"0":[0,2],"1":[2,0],"2":[0,4]},"_coverageSchema":"43e27e138ebf9cfc5966b082cf9a028302ed4184","hash":"8f0e46cfec60a8781c32406b54706dcc91a7340b"}
,"/Users/lighthousestaff/lighthouse/cohort-lectures/mar02-w08d01/integration-testing/src/components/Result.jsx": {"path":"/Users/lighthousestaff/lighthouse/cohort-lectures/mar02-w08d01/integration-testing/src/components/Result.jsx","statementMap":{"0":{"start":{"line":4,"column":15},"end":{"line":21,"column":1}},"1":{"start":{"line":5,"column":38},"end":{"line":5,"column":56}},"2":{"start":{"line":7,"column":26},"end":{"line":12,"column":3}},"3":{"start":{"line":8,"column":4},"end":{"line":11,"column":40}},"4":{"start":{"line":10,"column":20},"end":{"line":10,"column":52}},"5":{"start":{"line":11,"column":20},"end":{"line":11,"column":38}},"6":{"start":{"line":14,"column":2},"end":{"line":20,"column":4}},"7":{"start":{"line":18,"column":37},"end":{"line":18,"column":81}}},"fnMap":{"0":{"name":"(anonymous_0)","decl":{"start":{"line":4,"column":15},"end":{"line":4,"column":16}},"loc":{"start":{"line":4,"column":21},"end":{"line":21,"column":1}},"line":4},"1":{"name":"(anonymous_1)","decl":{"start":{"line":7,"column":26},"end":{"line":7,"column":27}},"loc":{"start":{"line":7,"column":32},"end":{"line":12,"column":3}},"line":7},"2":{"name":"(anonymous_2)","decl":{"start":{"line":10,"column":12},"end":{"line":10,"column":13}},"loc":{"start":{"line":10,"column":20},"end":{"line":10,"column":52}},"line":10},"3":{"name":"(anonymous_3)","decl":{"start":{"line":11,"column":13},"end":{"line":11,"column":14}},"loc":{"start":{"line":11,"column":20},"end":{"line":11,"column":38}},"line":11},"4":{"name":"(anonymous_4)","decl":{"start":{"line":18,"column":23},"end":{"line":18,"column":24}},"loc":{"start":{"line":18,"column":37},"end":{"line":18,"column":81}},"line":18}},"branchMap":{},"s":{"0":3,"1":7,"2":7,"3":1,"4":1,"5":0,"6":7,"7":3},"f":{"0":7,"1":1,"2":1,"3":0,"4":3},"b":{},"_coverageSchema":"43e27e138ebf9cfc5966b082cf9a028302ed4184","hash":"2ee6993d863fc3a2d67d7fc4d5523ba9ff167ace"}
,"/Users/lighthousestaff/lighthouse/cohort-lectures/mar02-w08d01/integration-testing/src/helpers/helpers.js": {"path":"/Users/lighthousestaff/lighthouse/cohort-lectures/mar02-w08d01/integration-testing/src/helpers/helpers.js","statementMap":{"0":{"start":{"line":1,"column":30},"end":{"line":17,"column":1}},"1":{"start":{"line":2,"column":17},"end":{"line":6,"column":3}},"2":{"start":{"line":7,"column":2},"end":{"line":9,"column":3}},"3":{"start":{"line":8,"column":4},"end":{"line":8,"column":21}},"4":{"start":{"line":10,"column":2},"end":{"line":12,"column":3}},"5":{"start":{"line":11,"column":4},"end":{"line":11,"column":17}},"6":{"start":{"line":13,"column":2},"end":{"line":15,"column":3}},"7":{"start":{"line":14,"column":4},"end":{"line":14,"column":18}},"8":{"start":{"line":16,"column":2},"end":{"line":16,"column":16}},"9":{"start":{"line":19,"column":31},"end":{"line":32,"column":1}},"10":{"start":{"line":20,"column":17},"end":{"line":24,"column":3}},"11":{"start":{"line":25,"column":2},"end":{"line":31,"column":3}},"12":{"start":{"line":26,"column":4},"end":{"line":26,"column":35}},"13":{"start":{"line":28,"column":20},"end":{"line":28,"column":43}},"14":{"start":{"line":29,"column":24},"end":{"line":29,"column":66}},"15":{"start":{"line":30,"column":4},"end":{"line":30,"column":32}}},"fnMap":{"0":{"name":"(anonymous_0)","decl":{"start":{"line":1,"column":30},"end":{"line":1,"column":31}},"loc":{"start":{"line":1,"column":66},"end":{"line":17,"column":1}},"line":1},"1":{"name":"(anonymous_1)","decl":{"start":{"line":19,"column":31},"end":{"line":19,"column":32}},"loc":{"start":{"line":19,"column":62},"end":{"line":32,"column":1}},"line":19}},"branchMap":{"0":{"loc":{"start":{"line":7,"column":2},"end":{"line":9,"column":3}},"type":"if","locations":[{"start":{"line":7,"column":2},"end":{"line":9,"column":3}},{"start":{"line":7,"column":2},"end":{"line":9,"column":3}}],"line":7},"1":{"loc":{"start":{"line":7,"column":8},"end":{"line":7,"column":40}},"type":"binary-expr","locations":[{"start":{"line":7,"column":8},"end":{"line":7,"column":23}},{"start":{"line":7,"column":27},"end":{"line":7,"column":40}}],"line":7},"2":{"loc":{"start":{"line":10,"column":2},"end":{"line":12,"column":3}},"type":"if","locations":[{"start":{"line":10,"column":2},"end":{"line":12,"column":3}},{"start":{"line":10,"column":2},"end":{"line":12,"column":3}}],"line":10},"3":{"loc":{"start":{"line":13,"column":2},"end":{"line":15,"column":3}},"type":"if","locations":[{"start":{"line":13,"column":2},"end":{"line":15,"column":3}},{"start":{"line":13,"column":2},"end":{"line":15,"column":3}}],"line":13},"4":{"loc":{"start":{"line":25,"column":2},"end":{"line":31,"column":3}},"type":"if","locations":[{"start":{"line":25,"column":2},"end":{"line":31,"column":3}},{"start":{"line":25,"column":2},"end":{"line":31,"column":3}}],"line":25}},"s":{"0":3,"1":4,"2":4,"3":1,"4":3,"5":1,"6":2,"7":1,"8":1,"9":3,"10":4,"11":4,"12":3,"13":1,"14":1,"15":1},"f":{"0":4,"1":4},"b":{"0":[1,3],"1":[4,3],"2":[1,2],"3":[1,1],"4":[3,1]},"_coverageSchema":"43e27e138ebf9cfc5966b082cf9a028302ed4184","hash":"924772da5b9a1d758011b7e9e301a6ab66860f8e"}
}
