TN:
SF:/Users/lighthousestaff/lighthouse/cohort-lectures/mar02-w08d01/integration-testing/src/components/Computer.jsx
FN:3,(anonymous_0)
FN:6,(anonymous_1)
FN:7,(anonymous_2)
FNF:3
FNH:3
FNDA:4,(anonymous_0)
FNDA:2,(anonymous_1)
FNDA:2,(anonymous_2)
DA:3,2
DA:4,4
DA:6,4
DA:7,2
DA:10,4
LF:5
LH:5
BRDA:16,0,0,1
BRDA:16,0,1,3
BRDA:22,1,0,1
BRDA:22,1,1,3
BRDA:26,2,0,0
BRDA:26,2,1,4
BRDA:31,3,0,0
BRDA:31,3,1,4
BRDA:36,4,0,0
BRDA:36,4,1,4
BRF:10
BRH:7
end_of_record
TN:
SF:/Users/lighthousestaff/lighthouse/cohort-lectures/mar02-w08d01/integration-testing/src/components/Player.jsx
FN:4,(anonymous_0)
FN:13,(anonymous_1)
FN:16,(anonymous_2)
FN:20,(anonymous_3)
FN:24,(anonymous_4)
FN:28,(anonymous_5)
FN:29,(anonymous_6)
FN:38,(anonymous_7)
FN:39,(anonymous_8)
FN:53,(anonymous_9)
FN:57,(anonymous_10)
FNF:11
FNH:4
FNDA:4,(anonymous_0)
FNDA:2,(anonymous_1)
FNDA:0,(anonymous_2)
FNDA:4,(anonymous_3)
FNDA:0,(anonymous_4)
FNDA:0,(anonymous_5)
FNDA:0,(anonymous_6)
FNDA:0,(anonymous_7)
FNDA:0,(anonymous_8)
FNDA:12,(anonymous_9)
FNDA:0,(anonymous_10)
DA:4,2
DA:5,4
DA:6,4
DA:7,4
DA:13,4
DA:14,2
DA:15,0
DA:16,0
DA:20,4
DA:21,4
DA:23,0
DA:24,0
DA:28,4
DA:29,0
DA:38,4
DA:39,0
DA:42,4
DA:54,12
DA:55,12
DA:57,0
LF:20
LH:13
BRDA:14,0,0,0
BRDA:14,0,1,2
BRDA:14,1,0,2
BRDA:14,1,1,0
BRDA:21,2,0,0
BRDA:21,2,1,4
BRF:6
BRH:3
end_of_record
TN:
SF:/Users/lighthousestaff/lighthouse/cohort-lectures/mar02-w08d01/integration-testing/src/components/Result.jsx
FN:4,(anonymous_0)
FN:7,(anonymous_1)
FN:10,(anonymous_2)
FN:11,(anonymous_3)
FN:18,(anonymous_4)
FNF:5
FNH:4
FNDA:7,(anonymous_0)
FNDA:1,(anonymous_1)
FNDA:1,(anonymous_2)
FNDA:0,(anonymous_3)
FNDA:3,(anonymous_4)
DA:4,3
DA:5,7
DA:7,7
DA:8,1
DA:10,1
DA:11,0
DA:14,7
DA:18,3
LF:8
LH:7
BRF:0
BRH:0
end_of_record
TN:
SF:/Users/lighthousestaff/lighthouse/cohort-lectures/mar02-w08d01/integration-testing/src/helpers/helpers.js
FN:1,(anonymous_0)
FN:19,(anonymous_1)
FNF:2
FNH:2
FNDA:4,(anonymous_0)
FNDA:4,(anonymous_1)
DA:1,3
DA:2,4
DA:7,4
DA:8,1
DA:10,3
DA:11,1
DA:13,2
DA:14,1
DA:16,1
DA:19,3
DA:20,4
DA:25,4
DA:26,3
DA:28,1
DA:29,1
DA:30,1
LF:16
LH:16
BRDA:7,0,0,1
BRDA:7,0,1,3
BRDA:7,1,0,4
BRDA:7,1,1,3
BRDA:10,2,0,1
BRDA:10,2,1,2
BRDA:13,3,0,1
BRDA:13,3,1,1
BRDA:25,4,0,3
BRDA:25,4,1,1
BRF:10
BRH:10
end_of_record
